<?xml version="1.0" encoding="UTF-8"?>
<!-- Generated by org.testng.reporters.JUnitXMLReporter -->
<testsuite ignored="0" hostname="ABHILASHLAP" failures="0" tests="3" name="HomePageTest" time="13.446" errors="0" timestamp="2026-04-17T00:12:49 IST">
  <testcase classname="com.TestCase.HomePageTestCase" name="verifyUrl" time="0.026"/>
  <testcase classname="com.TestCase.HomePageTestCase" name="verifyTitle" time="0.016"/>
  <testcase classname="com.TestCase.HomePageTestCase" name="validateSignInLink" time="0.013"/>
</testsuite> <!-- HomePageTest -->
