<?xml version="1.0" encoding="UTF-8"?>
<testng-results ignored="0" total="4" passed="4" failed="0" skipped="0">
  <reporter-output>
  </reporter-output>
  <suite started-at="2026-04-17T00:12:36 IST" name="Suite" finished-at="2026-04-17T00:12:54 IST" duration-ms="18301">
    <groups>
    </groups>
    <test started-at="2026-04-17T00:12:36 IST" name="HomePageTest" finished-at="2026-04-17T00:12:49 IST" duration-ms="13446">
      <class name="com.TestCase.HomePageTestCase">
        <test-method is-config="true" signature="setup()[pri:0, instance:com.TestCase.HomePageTestCase@3911c2a7]" started-at="2026-04-17T00:12:36 IST" name="setup" finished-at="2026-04-17T00:12:41 IST" duration-ms="4634" status="PASS">
          <reporter-output>
          </reporter-output>
        </test-method> <!-- setup -->
        <test-method signature="verifyUrl()[pri:1, instance:com.TestCase.HomePageTestCase@3911c2a7]" started-at="2026-04-17T00:12:41 IST" name="verifyUrl" finished-at="2026-04-17T00:12:41 IST" duration-ms="26" status="PASS">
          <reporter-output>
          </reporter-output>
        </test-method> <!-- verifyUrl -->
        <test-method is-config="true" signature="tearDown()[pri:0, instance:com.TestCase.HomePageTestCase@3911c2a7]" started-at="2026-04-17T00:12:41 IST" name="tearDown" finished-at="2026-04-17T00:12:41 IST" duration-ms="217" status="PASS">
          <reporter-output>
          </reporter-output>
        </test-method> <!-- tearDown -->
        <test-method is-config="true" signature="setup()[pri:0, instance:com.TestCase.HomePageTestCase@3911c2a7]" started-at="2026-04-17T00:12:41 IST" name="setup" finished-at="2026-04-17T00:12:45 IST" duration-ms="4148" status="PASS">
          <reporter-output>
          </reporter-output>
        </test-method> <!-- setup -->
        <test-method signature="verifyTitle()[pri:2, instance:com.TestCase.HomePageTestCase@3911c2a7]" started-at="2026-04-17T00:12:45 IST" name="verifyTitle" finished-at="2026-04-17T00:12:45 IST" duration-ms="16" status="PASS">
          <reporter-output>
          </reporter-output>
        </test-method> <!-- verifyTitle -->
        <test-method is-config="true" signature="tearDown()[pri:0, instance:com.TestCase.HomePageTestCase@3911c2a7]" started-at="2026-04-17T00:12:45 IST" name="tearDown" finished-at="2026-04-17T00:12:45 IST" duration-ms="188" status="PASS">
          <reporter-output>
          </reporter-output>
        </test-method> <!-- tearDown -->
        <test-method is-config="true" signature="setup()[pri:0, instance:com.TestCase.HomePageTestCase@3911c2a7]" started-at="2026-04-17T00:12:45 IST" name="setup" finished-at="2026-04-17T00:12:49 IST" duration-ms="3895" status="PASS">
          <reporter-output>
          </reporter-output>
        </test-method> <!-- setup -->
        <test-method signature="validateSignInLink()[pri:3, instance:com.TestCase.HomePageTestCase@3911c2a7]" started-at="2026-04-17T00:12:49 IST" name="validateSignInLink" finished-at="2026-04-17T00:12:49 IST" duration-ms="13" status="PASS">
          <reporter-output>
          </reporter-output>
        </test-method> <!-- validateSignInLink -->
        <test-method is-config="true" signature="tearDown()[pri:0, instance:com.TestCase.HomePageTestCase@3911c2a7]" started-at="2026-04-17T00:12:49 IST" name="tearDown" finished-at="2026-04-17T00:12:49 IST" duration-ms="245" status="PASS">
          <reporter-output>
          </reporter-output>
        </test-method> <!-- tearDown -->
      </class> <!-- com.TestCase.HomePageTestCase -->
    </test> <!-- HomePageTest -->
    <test started-at="2026-04-17T00:12:49 IST" name="LoginPageTest" finished-at="2026-04-17T00:12:54 IST" duration-ms="4789">
      <class name="com.TestCase.LoginPageTestCase">
        <test-method is-config="true" signature="setup()[pri:0, instance:com.TestCase.LoginPageTestCase@6ae5aa72]" started-at="2026-04-17T00:12:49 IST" name="setup" finished-at="2026-04-17T00:12:53 IST" duration-ms="3584" status="PASS">
          <reporter-output>
          </reporter-output>
        </test-method> <!-- setup -->
        <test-method signature="validateLogin()[pri:0, instance:com.TestCase.LoginPageTestCase@6ae5aa72]" started-at="2026-04-17T00:12:53 IST" name="validateLogin" finished-at="2026-04-17T00:12:54 IST" duration-ms="988" status="PASS">
          <reporter-output>
          </reporter-output>
        </test-method> <!-- validateLogin -->
        <test-method is-config="true" signature="tearDown()[pri:0, instance:com.TestCase.LoginPageTestCase@6ae5aa72]" started-at="2026-04-17T00:12:54 IST" name="tearDown" finished-at="2026-04-17T00:12:54 IST" duration-ms="210" status="PASS">
          <reporter-output>
          </reporter-output>
        </test-method> <!-- tearDown -->
      </class> <!-- com.TestCase.LoginPageTestCase -->
    </test> <!-- LoginPageTest -->
  </suite> <!-- Suite -->
</testng-results>
