<?xml version="1.0" encoding="UTF-8"?>
<!-- Generated by org.testng.reporters.JUnitReportReporter -->
<testsuite hostname="ABHILASHLAP" failures="0" tests="3" name="com.TestCase.HomePageTestCase" time="13.382" errors="0" timestamp="2026-04-17T00:12:54 IST" skipped="0">
  <testcase classname="com.TestCase.HomePageTestCase" name="verifyUrl" time="4.391"/>
  <testcase classname="com.TestCase.HomePageTestCase" name="verifyTitle" time="4.838"/>
  <testcase classname="com.TestCase.HomePageTestCase" name="validateSignInLink" time="4.153"/>
</testsuite> <!-- com.TestCase.HomePageTestCase -->
